<?xml version="1.0" encoding="UTF-8"?>
<testsuite xmlns:xsi="http://www.w3.org/2001/XMLSchema-instance" xsi:noNamespaceSchemaLocation="https://maven.apache.org/surefire/maven-surefire-plugin/xsd/surefire-test-report.xsd" name="runners.TestRunner" time="12.952" tests="0" errors="0" skipped="0" failures="0">
  <properties>
    <property name="sun.desktop" value="windows"/>
    <property name="awt.toolkit" value="sun.awt.windows.WToolkit"/>
    <property name="java.specification.version" value="11"/>
    <property name="sun.cpu.isalist" value="amd64"/>
    <property name="sun.jnu.encoding" value="Cp1252"/>
    <property name="java.class.path" value="C:\Users\reddy\eclipse-workspace\ShopWithEgCucumberFrameWork\target\test-classes;C:\Users\reddy\eclipse-workspace\ShopWithEgCucumberFrameWork\target\classes;C:\Users\reddy\.m2\repository\io\cucumber\cucumber-java\7.2.1\cucumber-java-7.2.1.jar;C:\Users\reddy\.m2\repository\io\cucumber\cucumber-core\7.2.1\cucumber-core-7.2.1.jar;C:\Users\reddy\.m2\repository\io\cucumber\cucumber-gherkin\7.2.1\cucumber-gherkin-7.2.1.jar;C:\Users\reddy\.m2\repository\io\cucumber\cucumber-gherkin-messages\7.2.1\cucumber-gherkin-messages-7.2.1.jar;C:\Users\reddy\.m2\repository\io\cucumber\messages\17.1.1\messages-17.1.1.jar;C:\Users\reddy\.m2\repository\io\cucumber\tag-expressions\4.1.0\tag-expressions-4.1.0.jar;C:\Users\reddy\.m2\repository\io\cucumber\cucumber-expressions\13.0.1\cucumber-expressions-13.0.1.jar;C:\Users\reddy\.m2\repository\io\cucumber\datatable\7.2.1\datatable-7.2.1.jar;C:\Users\reddy\.m2\repository\io\cucumber\cucumber-plugin\7.2.1\cucumber-plugin-7.2.1.jar;C:\Users\reddy\.m2\repository\io\cucumber\docstring\7.2.1\docstring-7.2.1.jar;C:\Users\reddy\.m2\repository\io\cucumber\html-formatter\17.0.0\html-formatter-17.0.0.jar;C:\Users\reddy\.m2\repository\io\cucumber\ci-environment\8.1.0\ci-environment-8.1.0.jar;C:\Users\reddy\.m2\repository\org\apiguardian\apiguardian-api\1.1.2\apiguardian-api-1.1.2.jar;C:\Users\reddy\.m2\repository\io\cucumber\cucumber-junit\7.2.1\cucumber-junit-7.2.1.jar;C:\Users\reddy\.m2\repository\junit\junit\4.13.1\junit-4.13.1.jar;C:\Users\reddy\.m2\repository\org\hamcrest\hamcrest-core\1.3\hamcrest-core-1.3.jar;C:\Users\reddy\.m2\repository\org\seleniumhq\selenium\selenium-java\4.0.0-beta-2\selenium-java-4.0.0-beta-2.jar;C:\Users\reddy\.m2\repository\org\seleniumhq\selenium\selenium-api\4.0.0-beta-2\selenium-api-4.0.0-beta-2.jar;C:\Users\reddy\.m2\repository\org\seleniumhq\selenium\selenium-chrome-driver\4.0.0-beta-2\selenium-chrome-driver-4.0.0-beta-2.jar;C:\Users\reddy\.m2\repository\com\google\auto\service\auto-service-annotations\1.0-rc7\auto-service-annotations-1.0-rc7.jar;C:\Users\reddy\.m2\repository\com\google\auto\service\auto-service\1.0-rc7\auto-service-1.0-rc7.jar;C:\Users\reddy\.m2\repository\com\google\auto\auto-common\0.10\auto-common-0.10.jar;C:\Users\reddy\.m2\repository\com\google\guava\guava\30.1-jre\guava-30.1-jre.jar;C:\Users\reddy\.m2\repository\com\google\guava\failureaccess\1.0.1\failureaccess-1.0.1.jar;C:\Users\reddy\.m2\repository\com\google\guava\listenablefuture\9999.0-empty-to-avoid-conflict-with-guava\listenablefuture-9999.0-empty-to-avoid-conflict-with-guava.jar;C:\Users\reddy\.m2\repository\com\google\code\findbugs\jsr305\3.0.2\jsr305-3.0.2.jar;C:\Users\reddy\.m2\repository\org\checkerframework\checker-qual\3.5.0\checker-qual-3.5.0.jar;C:\Users\reddy\.m2\repository\com\google\errorprone\error_prone_annotations\2.3.4\error_prone_annotations-2.3.4.jar;C:\Users\reddy\.m2\repository\com\google\j2objc\j2objc-annotations\1.3\j2objc-annotations-1.3.jar;C:\Users\reddy\.m2\repository\org\seleniumhq\selenium\selenium-chromium-driver\4.0.0-beta-2\selenium-chromium-driver-4.0.0-beta-2.jar;C:\Users\reddy\.m2\repository\org\seleniumhq\selenium\selenium-devtools\4.0.0-beta-2\selenium-devtools-4.0.0-beta-2.jar;C:\Users\reddy\.m2\repository\org\seleniumhq\selenium\selenium-http\4.0.0-beta-2\selenium-http-4.0.0-beta-2.jar;C:\Users\reddy\.m2\repository\org\seleniumhq\selenium\selenium-json\4.0.0-beta-2\selenium-json-4.0.0-beta-2.jar;C:\Users\reddy\.m2\repository\org\seleniumhq\selenium\selenium-devtools-v85\4.0.0-beta-2\selenium-devtools-v85-4.0.0-beta-2.jar;C:\Users\reddy\.m2\repository\org\seleniumhq\selenium\selenium-devtools-v86\4.0.0-beta-2\selenium-devtools-v86-4.0.0-beta-2.jar;C:\Users\reddy\.m2\repository\org\seleniumhq\selenium\selenium-devtools-v87\4.0.0-beta-2\selenium-devtools-v87-4.0.0-beta-2.jar;C:\Users\reddy\.m2\repository\org\seleniumhq\selenium\selenium-devtools-v88\4.0.0-beta-2\selenium-devtools-v88-4.0.0-beta-2.jar;C:\Users\reddy\.m2\repository\org\seleniumhq\selenium\selenium-devtools-v89\4.0.0-beta-2\selenium-devtools-v89-4.0.0-beta-2.jar;C:\Users\reddy\.m2\repository\org\seleniumhq\selenium\selenium-edge-driver\4.0.0-beta-2\selenium-edge-driver-4.0.0-beta-2.jar;C:\Users\reddy\.m2\repository\org\seleniumhq\selenium\selenium-firefox-driver\4.0.0-beta-2\selenium-firefox-driver-4.0.0-beta-2.jar;C:\Users\reddy\.m2\repository\org\seleniumhq\selenium\selenium-firefox-xpi-driver\4.0.0-beta-2\selenium-firefox-xpi-driver-4.0.0-beta-2.jar;C:\Users\reddy\.m2\repository\org\seleniumhq\selenium\selenium-ie-driver\4.0.0-beta-2\selenium-ie-driver-4.0.0-beta-2.jar;C:\Users\reddy\.m2\repository\org\seleniumhq\selenium\selenium-opera-driver\4.0.0-beta-2\selenium-opera-driver-4.0.0-beta-2.jar;C:\Users\reddy\.m2\repository\org\seleniumhq\selenium\selenium-remote-driver\4.0.0-beta-2\selenium-remote-driver-4.0.0-beta-2.jar;C:\Users\reddy\.m2\repository\io\netty\netty-buffer\4.1.58.Final\netty-buffer-4.1.58.Final.jar;C:\Users\reddy\.m2\repository\io\netty\netty-codec-http\4.1.58.Final\netty-codec-http-4.1.58.Final.jar;C:\Users\reddy\.m2\repository\io\netty\netty-codec\4.1.58.Final\netty-codec-4.1.58.Final.jar;C:\Users\reddy\.m2\repository\io\netty\netty-handler\4.1.58.Final\netty-handler-4.1.58.Final.jar;C:\Users\reddy\.m2\repository\io\netty\netty-common\4.1.58.Final\netty-common-4.1.58.Final.jar;C:\Users\reddy\.m2\repository\io\netty\netty-transport-native-epoll\4.1.58.Final\netty-transport-native-epoll-4.1.58.Final.jar;C:\Users\reddy\.m2\repository\io\netty\netty-transport-native-kqueue\4.1.58.Final\netty-transport-native-kqueue-4.1.58.Final.jar;C:\Users\reddy\.m2\repository\io\netty\netty-transport-native-unix-common\4.1.58.Final\netty-transport-native-unix-common-4.1.58.Final.jar;C:\Users\reddy\.m2\repository\io\netty\netty-transport\4.1.58.Final\netty-transport-4.1.58.Final.jar;C:\Users\reddy\.m2\repository\io\netty\netty-resolver\4.1.58.Final\netty-resolver-4.1.58.Final.jar;C:\Users\reddy\.m2\repository\io\opentelemetry\opentelemetry-api\1.0.0\opentelemetry-api-1.0.0.jar;C:\Users\reddy\.m2\repository\io\opentelemetry\opentelemetry-context\1.0.0\opentelemetry-context-1.0.0.jar;C:\Users\reddy\.m2\repository\io\opentelemetry\opentelemetry-exporter-logging\1.0.0\opentelemetry-exporter-logging-1.0.0.jar;C:\Users\reddy\.m2\repository\io\opentelemetry\opentelemetry-sdk-metrics\1.0.0-alpha\opentelemetry-sdk-metrics-1.0.0-alpha.jar;C:\Users\reddy\.m2\repository\io\opentelemetry\opentelemetry-sdk-common\1.0.0\opentelemetry-sdk-common-1.0.0.jar;C:\Users\reddy\.m2\repository\io\opentelemetry\opentelemetry-sdk-extension-autoconfigure\1.0.0-alpha\opentelemetry-sdk-extension-autoconfigure-1.0.0-alpha.jar;C:\Users\reddy\.m2\repository\io\opentelemetry\opentelemetry-sdk-trace\1.0.0\opentelemetry-sdk-trace-1.0.0.jar;C:\Users\reddy\.m2\repository\io\opentelemetry\opentelemetry-api-metrics\1.0.0-alpha\opentelemetry-api-metrics-1.0.0-alpha.jar;C:\Users\reddy\.m2\repository\io\opentelemetry\opentelemetry-sdk\1.0.0\opentelemetry-sdk-1.0.0.jar;C:\Users\reddy\.m2\repository\io\opentelemetry\opentelemetry-semconv\1.0.0-alpha\opentelemetry-semconv-1.0.0-alpha.jar;C:\Users\reddy\.m2\repository\net\bytebuddy\byte-buddy\1.10.19\byte-buddy-1.10.19.jar;C:\Users\reddy\.m2\repository\org\apache\commons\commons-exec\1.3\commons-exec-1.3.jar;C:\Users\reddy\.m2\repository\org\asynchttpclient\async-http-client\2.12.2\async-http-client-2.12.2.jar;C:\Users\reddy\.m2\repository\org\asynchttpclient\async-http-client-netty-utils\2.12.2\async-http-client-netty-utils-2.12.2.jar;C:\Users\reddy\.m2\repository\io\netty\netty-codec-socks\4.1.53.Final\netty-codec-socks-4.1.53.Final.jar;C:\Users\reddy\.m2\repository\io\netty\netty-handler-proxy\4.1.53.Final\netty-handler-proxy-4.1.53.Final.jar;C:\Users\reddy\.m2\repository\io\netty\netty-transport-native-epoll\4.1.53.Final\netty-transport-native-epoll-4.1.53.Final-linux-x86_64.jar;C:\Users\reddy\.m2\repository\io\netty\netty-transport-native-kqueue\4.1.53.Final\netty-transport-native-kqueue-4.1.53.Final-osx-x86_64.jar;C:\Users\reddy\.m2\repository\org\reactivestreams\reactive-streams\1.0.3\reactive-streams-1.0.3.jar;C:\Users\reddy\.m2\repository\com\typesafe\netty\netty-reactive-streams\2.0.4\netty-reactive-streams-2.0.4.jar;C:\Users\reddy\.m2\repository\com\sun\activation\jakarta.activation\1.2.2\jakarta.activation-1.2.2.jar;C:\Users\reddy\.m2\repository\org\seleniumhq\selenium\selenium-safari-driver\4.0.0-beta-2\selenium-safari-driver-4.0.0-beta-2.jar;C:\Users\reddy\.m2\repository\org\seleniumhq\selenium\selenium-support\4.0.0-beta-2\selenium-support-4.0.0-beta-2.jar;C:\Users\reddy\.m2\repository\io\github\bonigarcia\webdrivermanager\4.2.2\webdrivermanager-4.2.2.jar;C:\Users\reddy\.m2\repository\com\google\code\gson\gson\2.8.6\gson-2.8.6.jar;C:\Users\reddy\.m2\repository\org\apache\commons\commons-lang3\3.11\commons-lang3-3.11.jar;C:\Users\reddy\.m2\repository\org\apache\httpcomponents\client5\httpclient5\5.0.1\httpclient5-5.0.1.jar;C:\Users\reddy\.m2\repository\org\apache\httpcomponents\core5\httpcore5\5.0.1\httpcore5-5.0.1.jar;C:\Users\reddy\.m2\repository\org\apache\httpcomponents\core5\httpcore5-h2\5.0.1\httpcore5-h2-5.0.1.jar;C:\Users\reddy\.m2\repository\org\rauschig\jarchivelib\1.1.0\jarchivelib-1.1.0.jar;C:\Users\reddy\.m2\repository\org\apache\commons\commons-compress\1.20\commons-compress-1.20.jar;C:\Users\reddy\.m2\repository\org\jsoup\jsoup\1.13.1\jsoup-1.13.1.jar;C:\Users\reddy\.m2\repository\org\testng\testng\6.11\testng-6.11.jar;C:\Users\reddy\.m2\repository\com\beust\jcommander\1.64\jcommander-1.64.jar;C:\Users\reddy\.m2\repository\org\yaml\snakeyaml\1.17\snakeyaml-1.17.jar;C:\Users\reddy\.m2\repository\io\cucumber\cucumber-testng\7.2.1\cucumber-testng-7.2.1.jar;C:\Users\reddy\.m2\repository\org\apache\poi\poi-ooxml\3.9\poi-ooxml-3.9.jar;C:\Users\reddy\.m2\repository\dom4j\dom4j\1.6.1\dom4j-1.6.1.jar;C:\Users\reddy\.m2\repository\xml-apis\xml-apis\1.0.b2\xml-apis-1.0.b2.jar;C:\Users\reddy\.m2\repository\org\apache\poi\poi-ooxml-schemas\3.9\poi-ooxml-schemas-3.9.jar;C:\Users\reddy\.m2\repository\org\apache\xmlbeans\xmlbeans\2.3.0\xmlbeans-2.3.0.jar;C:\Users\reddy\.m2\repository\stax\stax-api\1.0.1\stax-api-1.0.1.jar;C:\Users\reddy\.m2\repository\org\apache\poi\poi-scratchpad\3.9\poi-scratchpad-3.9.jar;C:\Users\reddy\.m2\repository\org\apache\poi\ooxml-schemas\1.1\ooxml-schemas-1.1.jar;C:\Users\reddy\.m2\repository\org\apache\poi\openxml4j\1.0-beta\openxml4j-1.0-beta.jar;C:\Users\reddy\.m2\repository\log4j\log4j\1.2.8\log4j-1.2.8.jar;C:\Users\reddy\.m2\repository\org\apache\poi\poi\3.9\poi-3.9.jar;C:\Users\reddy\.m2\repository\commons-codec\commons-codec\1.5\commons-codec-1.5.jar;C:\Users\reddy\.m2\repository\com\relevantcodes\extentreports\2.41.2\extentreports-2.41.2.jar;C:\Users\reddy\.m2\repository\org\xerial\sqlite-jdbc\3.8.11.1\sqlite-jdbc-3.8.11.1.jar;C:\Users\reddy\.m2\repository\org\freemarker\freemarker\2.3.23\freemarker-2.3.23.jar;C:\Users\reddy\.m2\repository\org\mongodb\mongodb-driver\3.0.4\mongodb-driver-3.0.4.jar;C:\Users\reddy\.m2\repository\org\mongodb\bson\3.0.4\bson-3.0.4.jar;C:\Users\reddy\.m2\repository\org\mongodb\mongodb-driver-core\3.0.4\mongodb-driver-core-3.0.4.jar;C:\Users\reddy\.m2\repository\commons-io\commons-io\2.6\commons-io-2.6.jar;C:\Users\reddy\.m2\repository\org\slf4j\slf4j-api\1.7.25\slf4j-api-1.7.25.jar;"/>
    <property name="java.vm.vendor" value="Oracle Corporation"/>
    <property name="sun.arch.data.model" value="64"/>
    <property name="user.variant" value=""/>
    <property name="java.vendor.url" value="https://openjdk.java.net/"/>
    <property name="user.timezone" value="Asia/Calcutta"/>
    <property name="java.vm.specification.version" value="11"/>
    <property name="os.name" value="Windows 11"/>
    <property name="sun.java.launcher" value="SUN_STANDARD"/>
    <property name="user.country" value="IN"/>
    <property name="sun.boot.library.path" value="C:\Program Files\Java\jdk-11\bin"/>
    <property name="sun.java.command" value="C:\Users\reddy\AppData\Local\Temp\surefire16038132493254977468\surefirebooter16281091757499004041.jar C:\Users\reddy\AppData\Local\Temp\surefire16038132493254977468 2023-11-16T09-46-24_920-jvmRun1 surefire18243476609786047140tmp surefire_05513821450496796478tmp"/>
    <property name="jdk.debug" value="release"/>
    <property name="surefire.test.class.path" value="C:\Users\reddy\eclipse-workspace\ShopWithEgCucumberFrameWork\target\test-classes;C:\Users\reddy\eclipse-workspace\ShopWithEgCucumberFrameWork\target\classes;C:\Users\reddy\.m2\repository\io\cucumber\cucumber-java\7.2.1\cucumber-java-7.2.1.jar;C:\Users\reddy\.m2\repository\io\cucumber\cucumber-core\7.2.1\cucumber-core-7.2.1.jar;C:\Users\reddy\.m2\repository\io\cucumber\cucumber-gherkin\7.2.1\cucumber-gherkin-7.2.1.jar;C:\Users\reddy\.m2\repository\io\cucumber\cucumber-gherkin-messages\7.2.1\cucumber-gherkin-messages-7.2.1.jar;C:\Users\reddy\.m2\repository\io\cucumber\messages\17.1.1\messages-17.1.1.jar;C:\Users\reddy\.m2\repository\io\cucumber\tag-expressions\4.1.0\tag-expressions-4.1.0.jar;C:\Users\reddy\.m2\repository\io\cucumber\cucumber-expressions\13.0.1\cucumber-expressions-13.0.1.jar;C:\Users\reddy\.m2\repository\io\cucumber\datatable\7.2.1\datatable-7.2.1.jar;C:\Users\reddy\.m2\repository\io\cucumber\cucumber-plugin\7.2.1\cucumber-plugin-7.2.1.jar;C:\Users\reddy\.m2\repository\io\cucumber\docstring\7.2.1\docstring-7.2.1.jar;C:\Users\reddy\.m2\repository\io\cucumber\html-formatter\17.0.0\html-formatter-17.0.0.jar;C:\Users\reddy\.m2\repository\io\cucumber\ci-environment\8.1.0\ci-environment-8.1.0.jar;C:\Users\reddy\.m2\repository\org\apiguardian\apiguardian-api\1.1.2\apiguardian-api-1.1.2.jar;C:\Users\reddy\.m2\repository\io\cucumber\cucumber-junit\7.2.1\cucumber-junit-7.2.1.jar;C:\Users\reddy\.m2\repository\junit\junit\4.13.1\junit-4.13.1.jar;C:\Users\reddy\.m2\repository\org\hamcrest\hamcrest-core\1.3\hamcrest-core-1.3.jar;C:\Users\reddy\.m2\repository\org\seleniumhq\selenium\selenium-java\4.0.0-beta-2\selenium-java-4.0.0-beta-2.jar;C:\Users\reddy\.m2\repository\org\seleniumhq\selenium\selenium-api\4.0.0-beta-2\selenium-api-4.0.0-beta-2.jar;C:\Users\reddy\.m2\repository\org\seleniumhq\selenium\selenium-chrome-driver\4.0.0-beta-2\selenium-chrome-driver-4.0.0-beta-2.jar;C:\Users\reddy\.m2\repository\com\google\auto\service\auto-service-annotations\1.0-rc7\auto-service-annotations-1.0-rc7.jar;C:\Users\reddy\.m2\repository\com\google\auto\service\auto-service\1.0-rc7\auto-service-1.0-rc7.jar;C:\Users\reddy\.m2\repository\com\google\auto\auto-common\0.10\auto-common-0.10.jar;C:\Users\reddy\.m2\repository\com\google\guava\guava\30.1-jre\guava-30.1-jre.jar;C:\Users\reddy\.m2\repository\com\google\guava\failureaccess\1.0.1\failureaccess-1.0.1.jar;C:\Users\reddy\.m2\repository\com\google\guava\listenablefuture\9999.0-empty-to-avoid-conflict-with-guava\listenablefuture-9999.0-empty-to-avoid-conflict-with-guava.jar;C:\Users\reddy\.m2\repository\com\google\code\findbugs\jsr305\3.0.2\jsr305-3.0.2.jar;C:\Users\reddy\.m2\repository\org\checkerframework\checker-qual\3.5.0\checker-qual-3.5.0.jar;C:\Users\reddy\.m2\repository\com\google\errorprone\error_prone_annotations\2.3.4\error_prone_annotations-2.3.4.jar;C:\Users\reddy\.m2\repository\com\google\j2objc\j2objc-annotations\1.3\j2objc-annotations-1.3.jar;C:\Users\reddy\.m2\repository\org\seleniumhq\selenium\selenium-chromium-driver\4.0.0-beta-2\selenium-chromium-driver-4.0.0-beta-2.jar;C:\Users\reddy\.m2\repository\org\seleniumhq\selenium\selenium-devtools\4.0.0-beta-2\selenium-devtools-4.0.0-beta-2.jar;C:\Users\reddy\.m2\repository\org\seleniumhq\selenium\selenium-http\4.0.0-beta-2\selenium-http-4.0.0-beta-2.jar;C:\Users\reddy\.m2\repository\org\seleniumhq\selenium\selenium-json\4.0.0-beta-2\selenium-json-4.0.0-beta-2.jar;C:\Users\reddy\.m2\repository\org\seleniumhq\selenium\selenium-devtools-v85\4.0.0-beta-2\selenium-devtools-v85-4.0.0-beta-2.jar;C:\Users\reddy\.m2\repository\org\seleniumhq\selenium\selenium-devtools-v86\4.0.0-beta-2\selenium-devtools-v86-4.0.0-beta-2.jar;C:\Users\reddy\.m2\repository\org\seleniumhq\selenium\selenium-devtools-v87\4.0.0-beta-2\selenium-devtools-v87-4.0.0-beta-2.jar;C:\Users\reddy\.m2\repository\org\seleniumhq\selenium\selenium-devtools-v88\4.0.0-beta-2\selenium-devtools-v88-4.0.0-beta-2.jar;C:\Users\reddy\.m2\repository\org\seleniumhq\selenium\selenium-devtools-v89\4.0.0-beta-2\selenium-devtools-v89-4.0.0-beta-2.jar;C:\Users\reddy\.m2\repository\org\seleniumhq\selenium\selenium-edge-driver\4.0.0-beta-2\selenium-edge-driver-4.0.0-beta-2.jar;C:\Users\reddy\.m2\repository\org\seleniumhq\selenium\selenium-firefox-driver\4.0.0-beta-2\selenium-firefox-driver-4.0.0-beta-2.jar;C:\Users\reddy\.m2\repository\org\seleniumhq\selenium\selenium-firefox-xpi-driver\4.0.0-beta-2\selenium-firefox-xpi-driver-4.0.0-beta-2.jar;C:\Users\reddy\.m2\repository\org\seleniumhq\selenium\selenium-ie-driver\4.0.0-beta-2\selenium-ie-driver-4.0.0-beta-2.jar;C:\Users\reddy\.m2\repository\org\seleniumhq\selenium\selenium-opera-driver\4.0.0-beta-2\selenium-opera-driver-4.0.0-beta-2.jar;C:\Users\reddy\.m2\repository\org\seleniumhq\selenium\selenium-remote-driver\4.0.0-beta-2\selenium-remote-driver-4.0.0-beta-2.jar;C:\Users\reddy\.m2\repository\io\netty\netty-buffer\4.1.58.Final\netty-buffer-4.1.58.Final.jar;C:\Users\reddy\.m2\repository\io\netty\netty-codec-http\4.1.58.Final\netty-codec-http-4.1.58.Final.jar;C:\Users\reddy\.m2\repository\io\netty\netty-codec\4.1.58.Final\netty-codec-4.1.58.Final.jar;C:\Users\reddy\.m2\repository\io\netty\netty-handler\4.1.58.Final\netty-handler-4.1.58.Final.jar;C:\Users\reddy\.m2\repository\io\netty\netty-common\4.1.58.Final\netty-common-4.1.58.Final.jar;C:\Users\reddy\.m2\repository\io\netty\netty-transport-native-epoll\4.1.58.Final\netty-transport-native-epoll-4.1.58.Final.jar;C:\Users\reddy\.m2\repository\io\netty\netty-transport-native-kqueue\4.1.58.Final\netty-transport-native-kqueue-4.1.58.Final.jar;C:\Users\reddy\.m2\repository\io\netty\netty-transport-native-unix-common\4.1.58.Final\netty-transport-native-unix-common-4.1.58.Final.jar;C:\Users\reddy\.m2\repository\io\netty\netty-transport\4.1.58.Final\netty-transport-4.1.58.Final.jar;C:\Users\reddy\.m2\repository\io\netty\netty-resolver\4.1.58.Final\netty-resolver-4.1.58.Final.jar;C:\Users\reddy\.m2\repository\io\opentelemetry\opentelemetry-api\1.0.0\opentelemetry-api-1.0.0.jar;C:\Users\reddy\.m2\repository\io\opentelemetry\opentelemetry-context\1.0.0\opentelemetry-context-1.0.0.jar;C:\Users\reddy\.m2\repository\io\opentelemetry\opentelemetry-exporter-logging\1.0.0\opentelemetry-exporter-logging-1.0.0.jar;C:\Users\reddy\.m2\repository\io\opentelemetry\opentelemetry-sdk-metrics\1.0.0-alpha\opentelemetry-sdk-metrics-1.0.0-alpha.jar;C:\Users\reddy\.m2\repository\io\opentelemetry\opentelemetry-sdk-common\1.0.0\opentelemetry-sdk-common-1.0.0.jar;C:\Users\reddy\.m2\repository\io\opentelemetry\opentelemetry-sdk-extension-autoconfigure\1.0.0-alpha\opentelemetry-sdk-extension-autoconfigure-1.0.0-alpha.jar;C:\Users\reddy\.m2\repository\io\opentelemetry\opentelemetry-sdk-trace\1.0.0\opentelemetry-sdk-trace-1.0.0.jar;C:\Users\reddy\.m2\repository\io\opentelemetry\opentelemetry-api-metrics\1.0.0-alpha\opentelemetry-api-metrics-1.0.0-alpha.jar;C:\Users\reddy\.m2\repository\io\opentelemetry\opentelemetry-sdk\1.0.0\opentelemetry-sdk-1.0.0.jar;C:\Users\reddy\.m2\repository\io\opentelemetry\opentelemetry-semconv\1.0.0-alpha\opentelemetry-semconv-1.0.0-alpha.jar;C:\Users\reddy\.m2\repository\net\bytebuddy\byte-buddy\1.10.19\byte-buddy-1.10.19.jar;C:\Users\reddy\.m2\repository\org\apache\commons\commons-exec\1.3\commons-exec-1.3.jar;C:\Users\reddy\.m2\repository\org\asynchttpclient\async-http-client\2.12.2\async-http-client-2.12.2.jar;C:\Users\reddy\.m2\repository\org\asynchttpclient\async-http-client-netty-utils\2.12.2\async-http-client-netty-utils-2.12.2.jar;C:\Users\reddy\.m2\repository\io\netty\netty-codec-socks\4.1.53.Final\netty-codec-socks-4.1.53.Final.jar;C:\Users\reddy\.m2\repository\io\netty\netty-handler-proxy\4.1.53.Final\netty-handler-proxy-4.1.53.Final.jar;C:\Users\reddy\.m2\repository\io\netty\netty-transport-native-epoll\4.1.53.Final\netty-transport-native-epoll-4.1.53.Final-linux-x86_64.jar;C:\Users\reddy\.m2\repository\io\netty\netty-transport-native-kqueue\4.1.53.Final\netty-transport-native-kqueue-4.1.53.Final-osx-x86_64.jar;C:\Users\reddy\.m2\repository\org\reactivestreams\reactive-streams\1.0.3\reactive-streams-1.0.3.jar;C:\Users\reddy\.m2\repository\com\typesafe\netty\netty-reactive-streams\2.0.4\netty-reactive-streams-2.0.4.jar;C:\Users\reddy\.m2\repository\com\sun\activation\jakarta.activation\1.2.2\jakarta.activation-1.2.2.jar;C:\Users\reddy\.m2\repository\org\seleniumhq\selenium\selenium-safari-driver\4.0.0-beta-2\selenium-safari-driver-4.0.0-beta-2.jar;C:\Users\reddy\.m2\repository\org\seleniumhq\selenium\selenium-support\4.0.0-beta-2\selenium-support-4.0.0-beta-2.jar;C:\Users\reddy\.m2\repository\io\github\bonigarcia\webdrivermanager\4.2.2\webdrivermanager-4.2.2.jar;C:\Users\reddy\.m2\repository\com\google\code\gson\gson\2.8.6\gson-2.8.6.jar;C:\Users\reddy\.m2\repository\org\apache\commons\commons-lang3\3.11\commons-lang3-3.11.jar;C:\Users\reddy\.m2\repository\org\apache\httpcomponents\client5\httpclient5\5.0.1\httpclient5-5.0.1.jar;C:\Users\reddy\.m2\repository\org\apache\httpcomponents\core5\httpcore5\5.0.1\httpcore5-5.0.1.jar;C:\Users\reddy\.m2\repository\org\apache\httpcomponents\core5\httpcore5-h2\5.0.1\httpcore5-h2-5.0.1.jar;C:\Users\reddy\.m2\repository\org\rauschig\jarchivelib\1.1.0\jarchivelib-1.1.0.jar;C:\Users\reddy\.m2\repository\org\apache\commons\commons-compress\1.20\commons-compress-1.20.jar;C:\Users\reddy\.m2\repository\org\jsoup\jsoup\1.13.1\jsoup-1.13.1.jar;C:\Users\reddy\.m2\repository\org\testng\testng\6.11\testng-6.11.jar;C:\Users\reddy\.m2\repository\com\beust\jcommander\1.64\jcommander-1.64.jar;C:\Users\reddy\.m2\repository\org\yaml\snakeyaml\1.17\snakeyaml-1.17.jar;C:\Users\reddy\.m2\repository\io\cucumber\cucumber-testng\7.2.1\cucumber-testng-7.2.1.jar;C:\Users\reddy\.m2\repository\org\apache\poi\poi-ooxml\3.9\poi-ooxml-3.9.jar;C:\Users\reddy\.m2\repository\dom4j\dom4j\1.6.1\dom4j-1.6.1.jar;C:\Users\reddy\.m2\repository\xml-apis\xml-apis\1.0.b2\xml-apis-1.0.b2.jar;C:\Users\reddy\.m2\repository\org\apache\poi\poi-ooxml-schemas\3.9\poi-ooxml-schemas-3.9.jar;C:\Users\reddy\.m2\repository\org\apache\xmlbeans\xmlbeans\2.3.0\xmlbeans-2.3.0.jar;C:\Users\reddy\.m2\repository\stax\stax-api\1.0.1\stax-api-1.0.1.jar;C:\Users\reddy\.m2\repository\org\apache\poi\poi-scratchpad\3.9\poi-scratchpad-3.9.jar;C:\Users\reddy\.m2\repository\org\apache\poi\ooxml-schemas\1.1\ooxml-schemas-1.1.jar;C:\Users\reddy\.m2\repository\org\apache\poi\openxml4j\1.0-beta\openxml4j-1.0-beta.jar;C:\Users\reddy\.m2\repository\log4j\log4j\1.2.8\log4j-1.2.8.jar;C:\Users\reddy\.m2\repository\org\apache\poi\poi\3.9\poi-3.9.jar;C:\Users\reddy\.m2\repository\commons-codec\commons-codec\1.5\commons-codec-1.5.jar;C:\Users\reddy\.m2\repository\com\relevantcodes\extentreports\2.41.2\extentreports-2.41.2.jar;C:\Users\reddy\.m2\repository\org\xerial\sqlite-jdbc\3.8.11.1\sqlite-jdbc-3.8.11.1.jar;C:\Users\reddy\.m2\repository\org\freemarker\freemarker\2.3.23\freemarker-2.3.23.jar;C:\Users\reddy\.m2\repository\org\mongodb\mongodb-driver\3.0.4\mongodb-driver-3.0.4.jar;C:\Users\reddy\.m2\repository\org\mongodb\bson\3.0.4\bson-3.0.4.jar;C:\Users\reddy\.m2\repository\org\mongodb\mongodb-driver-core\3.0.4\mongodb-driver-core-3.0.4.jar;C:\Users\reddy\.m2\repository\commons-io\commons-io\2.6\commons-io-2.6.jar;C:\Users\reddy\.m2\repository\org\slf4j\slf4j-api\1.7.25\slf4j-api-1.7.25.jar;"/>
    <property name="sun.cpu.endian" value="little"/>
    <property name="user.home" value="C:\Users\reddy"/>
    <property name="user.language" value="en"/>
    <property name="java.specification.vendor" value="Oracle Corporation"/>
    <property name="java.version.date" value="2023-07-18"/>
    <property name="java.home" value="C:\Program Files\Java\jdk-11"/>
    <property name="file.separator" value="\"/>
    <property name="basedir" value="C:\Users\reddy\eclipse-workspace\ShopWithEgCucumberFrameWork"/>
    <property name="java.vm.compressedOopsMode" value="32-bit"/>
    <property name="line.separator" value="&#10;"/>
    <property name="java.specification.name" value="Java Platform API Specification"/>
    <property name="java.vm.specification.vendor" value="Oracle Corporation"/>
    <property name="java.awt.graphicsenv" value="sun.awt.Win32GraphicsEnvironment"/>
    <property name="surefire.real.class.path" value="C:\Users\reddy\AppData\Local\Temp\surefire16038132493254977468\surefirebooter16281091757499004041.jar"/>
    <property name="user.script" value=""/>
    <property name="sun.management.compiler" value="HotSpot 64-Bit Tiered Compilers"/>
    <property name="java.runtime.version" value="11.0.20+9-LTS-256"/>
    <property name="user.name" value="reddy"/>
    <property name="path.separator" value=";"/>
    <property name="os.version" value="10.0"/>
    <property name="java.runtime.name" value="Java(TM) SE Runtime Environment"/>
    <property name="file.encoding" value="Cp1252"/>
    <property name="java.vm.name" value="Java HotSpot(TM) 64-Bit Server VM"/>
    <property name="java.vendor.version" value="18.9"/>
    <property name="localRepository" value="C:\Users\reddy\.m2\repository"/>
    <property name="java.vendor.url.bug" value="https://bugreport.java.com/bugreport/"/>
    <property name="java.io.tmpdir" value="C:\Users\reddy\AppData\Local\Temp\"/>
    <property name="java.version" value="11.0.20"/>
    <property name="user.dir" value="C:\Users\reddy\eclipse-workspace\ShopWithEgCucumberFrameWork"/>
    <property name="os.arch" value="amd64"/>
    <property name="java.vm.specification.name" value="Java Virtual Machine Specification"/>
    <property name="java.awt.printerjob" value="sun.awt.windows.WPrinterJob"/>
    <property name="sun.os.patch.level" value=""/>
    <property name="java.library.path" value="C:\Program Files\Java\jdk-11\bin;C:\WINDOWS\Sun\Java\bin;C:\WINDOWS\system32;C:\WINDOWS;C:\Program Files\Common Files\Oracle\Java\javapath;C:\Program Files\Python310\Scripts\;C:\Program Files\Python310\;C:\windows\system32;C:\windows;C:\windows\System32\Wbem;C:\windows\System32\WindowsPowerShell\v1.0\;C:\windows\System32\OpenSSH\;C:\Program Files (x86)\NVIDIA Corporation\PhysX\Common;C:\Program Files\NVIDIA Corporation\NVIDIA NvDLISR;C:\WINDOWS\system32;C:\WINDOWS;C:\WINDOWS\System32\Wbem;C:\WINDOWS\System32\WindowsPowerShell\v1.0\;C:\WINDOWS\System32\OpenSSH\;C:\Program Files\Java\jdk-11\bin;C:\Program Files\Git\cmd;C:\Program Files\Git\bin;C:\Users\reddy\Downloads\apache-maven-3.9.5-bin\apache-maven-3.9.5\bin;C:\Users\reddy\AppData\Local\Microsoft\WindowsApps;."/>
    <property name="java.vendor" value="Oracle Corporation"/>
    <property name="java.vm.info" value="mixed mode"/>
    <property name="java.vm.version" value="11.0.20+9-LTS-256"/>
    <property name="java.specification.maintenance.version" value="2"/>
    <property name="sun.io.unicode.encoding" value="UnicodeLittle"/>
    <property name="java.class.version" value="55.0"/>
  </properties>
</testsuite>